[2022-02-04 04:38:54,539] {taskinstance.py:1032} INFO - Dependencies all met for <TaskInstance: ingest_2_postgres_dag.wget2 scheduled__2022-01-02T06:00:00+00:00 [queued]>
[2022-02-04 04:38:54,587] {taskinstance.py:1032} INFO - Dependencies all met for <TaskInstance: ingest_2_postgres_dag.wget2 scheduled__2022-01-02T06:00:00+00:00 [queued]>
[2022-02-04 04:38:54,589] {taskinstance.py:1238} INFO - 
--------------------------------------------------------------------------------
[2022-02-04 04:38:54,591] {taskinstance.py:1239} INFO - Starting attempt 2 of 2
[2022-02-04 04:38:54,593] {taskinstance.py:1240} INFO - 
--------------------------------------------------------------------------------
[2022-02-04 04:38:54,647] {taskinstance.py:1259} INFO - Executing <Task(BashOperator): wget2> on 2022-01-02 06:00:00+00:00
[2022-02-04 04:38:54,658] {standard_task_runner.py:52} INFO - Started process 2871 to run task
[2022-02-04 04:38:54,667] {standard_task_runner.py:76} INFO - Running: ['***', 'tasks', 'run', 'ingest_2_postgres_dag', 'wget2', 'scheduled__2022-01-02T06:00:00+00:00', '--job-id', '528', '--raw', '--subdir', 'DAGS_FOLDER/ingest_data_2_postgres.py', '--cfg-path', '/tmp/tmprmyrgoah', '--error-file', '/tmp/tmp56oh36c7']
[2022-02-04 04:38:54,671] {standard_task_runner.py:77} INFO - Job 528: Subtask wget2
[2022-02-04 04:38:54,838] {logging_mixin.py:109} INFO - Running <TaskInstance: ingest_2_postgres_dag.wget2 scheduled__2022-01-02T06:00:00+00:00 [running]> on host 5ef54cb9f374
[2022-02-04 04:38:54,964] {warnings.py:110} WARNING - /home/***/.local/lib/python3.7/site-packages/***/utils/context.py:152: AirflowContextDeprecationWarning: Accessing 'execution_date' from the template is deprecated and will be removed in a future version. Please use 'data_interval_start' or 'logical_date' instead.
  warnings.warn(_create_deprecation_warning(key, self._deprecation_replacements[key]))

[2022-02-04 04:38:55,010] {taskinstance.py:1426} INFO - Exporting the following env vars:
AIRFLOW_CTX_DAG_OWNER=***
AIRFLOW_CTX_DAG_ID=ingest_2_postgres_dag
AIRFLOW_CTX_TASK_ID=wget2
AIRFLOW_CTX_EXECUTION_DATE=2022-01-02T06:00:00+00:00
AIRFLOW_CTX_DAG_RUN_ID=scheduled__2022-01-02T06:00:00+00:00
[2022-02-04 04:38:55,015] {subprocess.py:62} INFO - Tmp dir root location: 
 /tmp
[2022-02-04 04:38:55,017] {subprocess.py:74} INFO - Running command: ['bash', '-c', 'curl -sSLf https://s3.amazonaws.com/nyc-tlc/trip+datayellow_tripdata_2021-01.csv > /opt/***/output_2022-01.csv']
[2022-02-04 04:38:55,036] {subprocess.py:85} INFO - Output:
[2022-02-04 04:38:55,588] {subprocess.py:89} INFO - curl: (22) The requested URL returned error: 404 Not Found
[2022-02-04 04:38:55,604] {subprocess.py:93} INFO - Command exited with return code 22
[2022-02-04 04:38:55,652] {taskinstance.py:1700} ERROR - Task failed with exception
Traceback (most recent call last):
  File "/home/airflow/.local/lib/python3.7/site-packages/airflow/models/taskinstance.py", line 1329, in _run_raw_task
    self._execute_task_with_callbacks(context)
  File "/home/airflow/.local/lib/python3.7/site-packages/airflow/models/taskinstance.py", line 1455, in _execute_task_with_callbacks
    result = self._execute_task(context, self.task)
  File "/home/airflow/.local/lib/python3.7/site-packages/airflow/models/taskinstance.py", line 1511, in _execute_task
    result = execute_callable(context=context)
  File "/home/airflow/.local/lib/python3.7/site-packages/airflow/operators/bash.py", line 188, in execute
    f'Bash command failed. The command returned a non-zero exit code {result.exit_code}.'
airflow.exceptions.AirflowException: Bash command failed. The command returned a non-zero exit code 22.
[2022-02-04 04:38:55,695] {taskinstance.py:1277} INFO - Marking task as FAILED. dag_id=ingest_2_postgres_dag, task_id=wget2, execution_date=20220102T060000, start_date=20220204T043854, end_date=20220204T043855
[2022-02-04 04:38:55,762] {standard_task_runner.py:92} ERROR - Failed to execute job 528 for task wget2
Traceback (most recent call last):
  File "/home/airflow/.local/lib/python3.7/site-packages/airflow/task/task_runner/standard_task_runner.py", line 85, in _start_by_fork
    args.func(args, dag=self.dag)
  File "/home/airflow/.local/lib/python3.7/site-packages/airflow/cli/cli_parser.py", line 48, in command
    return func(*args, **kwargs)
  File "/home/airflow/.local/lib/python3.7/site-packages/airflow/utils/cli.py", line 92, in wrapper
    return f(*args, **kwargs)
  File "/home/airflow/.local/lib/python3.7/site-packages/airflow/cli/commands/task_command.py", line 298, in task_run
    _run_task_by_selected_method(args, dag, ti)
  File "/home/airflow/.local/lib/python3.7/site-packages/airflow/cli/commands/task_command.py", line 107, in _run_task_by_selected_method
    _run_raw_task(args, ti)
  File "/home/airflow/.local/lib/python3.7/site-packages/airflow/cli/commands/task_command.py", line 184, in _run_raw_task
    error_file=args.error_file,
  File "/home/airflow/.local/lib/python3.7/site-packages/airflow/utils/session.py", line 70, in wrapper
    return func(*args, session=session, **kwargs)
  File "/home/airflow/.local/lib/python3.7/site-packages/airflow/models/taskinstance.py", line 1329, in _run_raw_task
    self._execute_task_with_callbacks(context)
  File "/home/airflow/.local/lib/python3.7/site-packages/airflow/models/taskinstance.py", line 1455, in _execute_task_with_callbacks
    result = self._execute_task(context, self.task)
  File "/home/airflow/.local/lib/python3.7/site-packages/airflow/models/taskinstance.py", line 1511, in _execute_task
    result = execute_callable(context=context)
  File "/home/airflow/.local/lib/python3.7/site-packages/airflow/operators/bash.py", line 188, in execute
    f'Bash command failed. The command returned a non-zero exit code {result.exit_code}.'
airflow.exceptions.AirflowException: Bash command failed. The command returned a non-zero exit code 22.
[2022-02-04 04:38:55,817] {local_task_job.py:154} INFO - Task exited with return code 1
[2022-02-04 04:38:55,946] {local_task_job.py:264} INFO - 0 downstream tasks scheduled from follow-on schedule check
